[    0.000000] Linux version 4.15.0-159-generic (buildd@lgw01-amd64-055) (gcc version 7.5.0 (Ubuntu 7.5.0-3ubuntu1~18.04)) #167-Ubuntu SMP Tue Sep 21 08:55:05 UTC 2021 (Ubuntu 4.15.0-159.167-generic 4.15.18)
[    0.000000] Command line: BOOT_IMAGE=/boot/vmlinuz-4.15.0-159-generic root=LABEL=cloudimg-rootfs ro console=tty1 console=ttyS0
[    0.000000] KERNEL supported cpus:
[    0.000000]   Intel GenuineIntel
[    0.000000]   AMD AuthenticAMD
[    0.000000]   Centaur CentaurHauls
[    0.000000] x86/fpu: Supporting XSAVE feature 0x001: 'x87 floating point registers'
[    0.000000] x86/fpu: Supporting XSAVE feature 0x002: 'SSE registers'
[    0.000000] x86/fpu: Supporting XSAVE feature 0x004: 'AVX registers'
[    0.000000] x86/fpu: xstate_offset[2]:  576, xstate_sizes[2]:  256
[    0.000000] x86/fpu: Enabled xstate features 0x7, context size is 832 bytes, using 'standard' format.
[    0.000000] e820: BIOS-provided physical RAM map:
[    0.000000] BIOS-e820: [mem 0x0000000000000000-0x000000000009fbff] usable
[    0.000000] BIOS-e820: [mem 0x000000000009fc00-0x000000000009ffff] reserved
[    0.000000] BIOS-e820: [mem 0x00000000000f0000-0x00000000000fffff] reserved
[    0.000000] BIOS-e820: [mem 0x0000000000100000-0x000000003ffeffff] usable
[    0.000000] BIOS-e820: [mem 0x000000003fff0000-0x000000003fffffff] ACPI data
[    0.000000] BIOS-e820: [mem 0x00000000fec00000-0x00000000fec00fff] reserved
[    0.000000] BIOS-e820: [mem 0x00000000fee00000-0x00000000fee00fff] reserved
[    0.000000] BIOS-e820: [mem 0x00000000fffc0000-0x00000000ffffffff] reserved
[    0.000000] NX (Execute Disable) protection: active
[    0.000000] SMBIOS 2.5 present.
[    0.000000] DMI: innotek GmbH VirtualBox/VirtualBox, BIOS VirtualBox 12/01/2006
[    0.000000] Hypervisor detected: KVM
[    0.000000] e820: last_pfn = 0x3fff0 max_arch_pfn = 0x400000000
[    0.000000] MTRR: Disabled
[    0.000000] x86/PAT: MTRRs disabled, skipping PAT initialization too.
[    0.000000] CPU MTRRs all blank - virtualized system.
[    0.000000] x86/PAT: Configuration [0-7]: WB  WT  UC- UC  WB  WT  UC- UC  
[    0.000000] found SMP MP-table at [mem 0x0009fff0-0x0009ffff]
[    0.000000] Scanning 1 areas for low memory corruption
[    0.000000] RAMDISK: [mem 0x359cb000-0x36cdcfff]
[    0.000000] ACPI: Early table checksum verification disabled
[    0.000000] ACPI: RSDP 0x00000000000E0000 000024 (v02 VBOX  )
[    0.000000] ACPI: XSDT 0x000000003FFF0030 00003C (v01 VBOX   VBOXXSDT 00000001 ASL  00000061)
[    0.000000] ACPI: FACP 0x000000003FFF00F0 0000F4 (v04 VBOX   VBOXFACP 00000001 ASL  00000061)
[    0.000000] ACPI: DSDT 0x000000003FFF0470 002325 (v02 VBOX   VBOXBIOS 00000002 INTL 20100528)
[    0.000000] ACPI: FACS 0x000000003FFF0200 000040
[    0.000000] ACPI: FACS 0x000000003FFF0200 000040
[    0.000000] ACPI: APIC 0x000000003FFF0240 00005C (v02 VBOX   VBOXAPIC 00000001 ASL  00000061)
[    0.000000] ACPI: SSDT 0x000000003FFF02A0 0001CC (v01 VBOX   VBOXCPUT 00000002 INTL 20100528)
[    0.000000] ACPI: Reserving FACP table memory at [mem 0x3fff00f0-0x3fff01e3]
[    0.000000] ACPI: Reserving DSDT table memory at [mem 0x3fff0470-0x3fff2794]
[    0.000000] ACPI: Reserving FACS table memory at [mem 0x3fff0200-0x3fff023f]
[    0.000000] ACPI: Reserving FACS table memory at [mem 0x3fff0200-0x3fff023f]
[    0.000000] ACPI: Reserving APIC table memory at [mem 0x3fff0240-0x3fff029b]
[    0.000000] ACPI: Reserving SSDT table memory at [mem 0x3fff02a0-0x3fff046b]
[    0.000000] No NUMA configuration found
[    0.000000] Faking a node at [mem 0x0000000000000000-0x000000003ffeffff]
[    0.000000] NODE_DATA(0) allocated [mem 0x3ffc5000-0x3ffeffff]
[    0.000000] kvm-clock: cpu 0, msr 0:3ff44001, primary cpu clock
[    0.000000] kvm-clock: Using msrs 4b564d01 and 4b564d00
[    0.000000] kvm-clock: using sched offset of 20376028786 cycles
[    0.000000] clocksource: kvm-clock: mask: 0xffffffffffffffff max_cycles: 0x1cd42e4dffb, max_idle_ns: 881590591483 ns
[    0.000000] Zone ranges:
[    0.000000]   DMA      [mem 0x0000000000001000-0x0000000000ffffff]
[    0.000000]   DMA32    [mem 0x0000000001000000-0x000000003ffeffff]
[    0.000000]   Normal   empty
[    0.000000]   Device   empty
[    0.000000] Movable zone start for each node
[    0.000000] Early memory node ranges
[    0.000000]   node   0: [mem 0x0000000000001000-0x000000000009efff]
[    0.000000]   node   0: [mem 0x0000000000100000-0x000000003ffeffff]
[    0.000000] Reserved but unavailable: 104 pages
[    0.000000] Initmem setup node 0 [mem 0x0000000000001000-0x000000003ffeffff]
[    0.000000] ACPI: PM-Timer IO Port: 0x4008
[    0.000000] IOAPIC[0]: apic_id 2, version 32, address 0xfec00000, GSI 0-23
[    0.000000] ACPI: INT_SRC_OVR (bus 0 bus_irq 0 global_irq 2 dfl dfl)
[    0.000000] ACPI: INT_SRC_OVR (bus 0 bus_irq 9 global_irq 9 low level)
[    0.000000] Using ACPI (MADT) for SMP configuration information
[    0.000000] smpboot: Allowing 2 CPUs, 0 hotplug CPUs
[    0.000000] PM: Registered nosave memory: [mem 0x00000000-0x00000fff]
[    0.000000] PM: Registered nosave memory: [mem 0x0009f000-0x0009ffff]
[    0.000000] PM: Registered nosave memory: [mem 0x000a0000-0x000effff]
[    0.000000] PM: Registered nosave memory: [mem 0x000f0000-0x000fffff]
[    0.000000] e820: [mem 0x40000000-0xfebfffff] available for PCI devices
[    0.000000] Booting paravirtualized kernel on KVM
[    0.000000] clocksource: refined-jiffies: mask: 0xffffffff max_cycles: 0xffffffff, max_idle_ns: 7645519600211568 ns
[    0.000000] random: get_random_bytes called from start_kernel+0x99/0x500 with crng_init=0
[    0.000000] setup_percpu: NR_CPUS:8192 nr_cpumask_bits:2 nr_cpu_ids:2 nr_node_ids:1
[    0.000000] percpu: Embedded 45 pages/cpu s147456 r8192 d28672 u1048576
[    0.000000] PV qspinlock hash table entries: 256 (order: 0, 4096 bytes)
[    0.000000] Built 1 zonelists, mobility grouping on.  Total pages: 257913
[    0.000000] Policy zone: DMA32
[    0.000000] Kernel command line: BOOT_IMAGE=/boot/vmlinuz-4.15.0-159-generic root=LABEL=cloudimg-rootfs ro console=tty1 console=ttyS0
[    0.000000] Memory: 982708K/1048120K available (12300K kernel code, 2483K rwdata, 4320K rodata, 2448K init, 2724K bss, 65412K reserved, 0K cma-reserved)
[    0.000000] SLUB: HWalign=64, Order=0-3, MinObjects=0, CPUs=2, Nodes=1
[    0.000000] Kernel/User page tables isolation: enabled
[    0.000000] ftrace: allocating 39471 entries in 155 pages
[    0.004000] Hierarchical RCU implementation.
[    0.004000] 	RCU restricting CPUs from NR_CPUS=8192 to nr_cpu_ids=2.
[    0.004000] 	Tasks RCU enabled.
[    0.004000] RCU: Adjusting geometry for rcu_fanout_leaf=16, nr_cpu_ids=2
[    0.004000] NR_IRQS: 524544, nr_irqs: 440, preallocated irqs: 16
[    0.004000] Console: colour VGA+ 80x25
[    0.004000] console [tty1] enabled
[    0.004000] console [ttyS0] enabled
[    0.004000] ACPI: Core revision 20170831
[    0.004000] ACPI: 2 ACPI AML tables successfully acquired and loaded
[    0.004000] APIC: Switch to symmetric I/O mode setup
[    0.004000] x2apic enabled
[    0.004011] Switched APIC routing to physical x2apic.
[    0.008000] ..TIMER: vector=0x30 apic1=0 pin1=2 apic2=-1 pin2=-1
[    0.008007] tsc: Detected 1799.999 MHz processor
[    0.009871] Calibrating delay loop (skipped) preset value.. 3599.99 BogoMIPS (lpj=7199996)
[    0.012026] pid_max: default: 32768 minimum: 301
[    0.016077] Security Framework initialized
[    0.017707] Yama: becoming mindful.
[    0.018934] AppArmor: AppArmor initialized
[    0.024052] Dentry cache hash table entries: 131072 (order: 8, 1048576 bytes)
[    0.028119] Inode-cache hash table entries: 65536 (order: 7, 524288 bytes)
[    0.032049] Mount-cache hash table entries: 2048 (order: 2, 16384 bytes)
[    0.036020] Mountpoint-cache hash table entries: 2048 (order: 2, 16384 bytes)
[    0.040425] Last level iTLB entries: 4KB 64, 2MB 8, 4MB 8
[    0.043085] Last level dTLB entries: 4KB 64, 2MB 0, 4MB 0, 1GB 4
[    0.044013] Spectre V1 : Mitigation: usercopy/swapgs barriers and __user pointer sanitization
[    0.048012] Spectre V2 : Mitigation: Full generic retpoline
[    0.052007] Spectre V2 : Spectre v2 / SpectreRSB mitigation: Filling RSB on context switch
[    0.056009] Speculative Store Bypass: Vulnerable
[    0.058118] SRBDS: Unknown: Dependent on hypervisor status
[    0.060006] MDS: Mitigation: Clear CPU buffers
[    0.064492] Freeing SMP alternatives memory: 36K
[    0.179502] smpboot: CPU0: Intel(R) Core(TM) i5-8250U CPU @ 1.60GHz (family: 0x6, model: 0x8e, stepping: 0xa)
[    0.180272] Performance Events: unsupported p6 CPU model 142 no PMU driver, software events only.
[    0.184176] Hierarchical SRCU implementation.
[    0.192594] NMI watchdog: Perf event create on CPU 0 failed with -2
[    0.196012] NMI watchdog: Perf NMI watchdog permanently disabled
[    0.200184] smp: Bringing up secondary CPUs ...
[    0.204333] x86: Booting SMP configuration:
[    0.208015] .... node  #0, CPUs:      #1
[    0.004000] kvm-clock: cpu 1, msr 0:3ff44041, secondary cpu clock
[    0.216131] smp: Brought up 1 node, 2 CPUs
[    0.218579] smpboot: Max logical packages: 1
[    0.220021] smpboot: Total of 2 processors activated (7199.99 BogoMIPS)
[    0.228118] devtmpfs: initialized
[    0.230825] x86/mm: Memory block size: 128MB
[    0.232603] evm: security.selinux
[    0.236010] evm: security.SMACK64
[    0.238362] evm: security.SMACK64EXEC
[    0.240010] evm: security.SMACK64TRANSMUTE
[    0.244014] evm: security.SMACK64MMAP
[    0.248010] evm: security.apparmor
[    0.252006] evm: security.ima
[    0.254107] evm: security.capability
[    0.256761] clocksource: jiffies: mask: 0xffffffff max_cycles: 0xffffffff, max_idle_ns: 7645041785100000 ns
[    0.260050] futex hash table entries: 512 (order: 3, 32768 bytes)
[    0.264124] pinctrl core: initialized pinctrl subsystem
[    0.276401] RTC time: 17:31:59, date: 10/10/21
[    0.280561] NET: Registered protocol family 16
[    0.284421] audit: initializing netlink subsys (disabled)
[    0.288118] audit: type=2000 audit(1633887141.265:1): state=initialized audit_enabled=0 res=1
[    0.296025] cpuidle: using governor ladder
[    0.300038] cpuidle: using governor menu
[    0.304123] ACPI: bus type PCI registered
[    0.306751] acpiphp: ACPI Hot Plug PCI Controller Driver version: 0.5
[    0.308287] PCI: Using configuration type 1 for base access
[    0.316204] HugeTLB registered 2.00 MiB page size, pre-allocated 0 pages
[    0.324091] ACPI: Added _OSI(Module Device)
[    0.327111] ACPI: Added _OSI(Processor Device)
[    0.328045] ACPI: Added _OSI(3.0 _SCP Extensions)
[    0.332018] ACPI: Added _OSI(Processor Aggregator Device)
[    0.336054] ACPI: Added _OSI(Linux-Dell-Video)
[    0.340013] ACPI: Added _OSI(Linux-Lenovo-NV-HDMI-Audio)
[    0.344019] ACPI: Added _OSI(Linux-HPI-Hybrid-Graphics)
[    0.349151] ACPI: Executed 1 blocks of module-level executable AML code
[    0.368421] ACPI: Interpreter enabled
[    0.371168] ACPI: (supports S0 S5)
[    0.372011] ACPI: Using IOAPIC for interrupt routing
[    0.377498] PCI: Using host bridge windows from ACPI; if necessary, use "pci=nocrs" and report a bug
[    0.380682] ACPI: Enabled 2 GPEs in block 00 to 07
[    0.407352] ACPI: PCI Root Bridge [PCI0] (domain 0000 [bus 00-ff])
[    0.408025] acpi PNP0A03:00: _OSC: OS supports [ASPM ClockPM Segments MSI]
[    0.413575] acpi PNP0A03:00: _OSC: not requesting OS control; OS requires [ExtendedConfig ASPM ClockPM MSI]
[    0.416052] acpi PNP0A03:00: fail to add MMCONFIG information, can't access extended PCI configuration space under this bridge.
[    0.424702] PCI host bridge to bus 0000:00
[    0.426862] pci_bus 0000:00: root bus resource [io  0x0000-0x0cf7 window]
[    0.428015] pci_bus 0000:00: root bus resource [io  0x0d00-0xffff window]
[    0.432013] pci_bus 0000:00: root bus resource [mem 0x000a0000-0x000bffff window]
[    0.436015] pci_bus 0000:00: root bus resource [mem 0x40000000-0xfdffffff window]
[    0.440032] pci_bus 0000:00: root bus resource [bus 00-ff]
[    0.452878] pci 0000:00:01.1: legacy IDE quirk: reg 0x10: [io  0x01f0-0x01f7]
[    0.456016] pci 0000:00:01.1: legacy IDE quirk: reg 0x14: [io  0x03f6]
[    0.460010] pci 0000:00:01.1: legacy IDE quirk: reg 0x18: [io  0x0170-0x0177]
[    0.464009] pci 0000:00:01.1: legacy IDE quirk: reg 0x1c: [io  0x0376]
[    0.504491] pci 0000:00:07.0: quirk: [io  0x4000-0x403f] claimed by PIIX4 ACPI
[    0.508049] pci 0000:00:07.0: quirk: [io  0x4100-0x410f] claimed by PIIX4 SMB
[    0.541154] ACPI: PCI Interrupt Link [LNKA] (IRQs 5 9 10 *11)
[    0.545424] ACPI: PCI Interrupt Link [LNKB] (IRQs 5 9 *10 11)
[    0.548516] ACPI: PCI Interrupt Link [LNKC] (IRQs 5 *9 10 11)
[    0.556334] ACPI: PCI Interrupt Link [LNKD] (IRQs 5 9 10 *11)
[    0.561347] SCSI subsystem initialized
[    0.564123] pci 0000:00:02.0: vgaarb: setting as boot VGA device
[    0.567892] pci 0000:00:02.0: vgaarb: VGA device added: decodes=io+mem,owns=io+mem,locks=none
[    0.568020] pci 0000:00:02.0: vgaarb: bridge control possible
[    0.572010] vgaarb: loaded
[    0.576124] ACPI: bus type USB registered
[    0.580100] usbcore: registered new interface driver usbfs
[    0.584048] usbcore: registered new interface driver hub
[    0.588047] usbcore: registered new device driver usb
[    0.592160] EDAC MC: Ver: 3.0.0
[    0.596302] PCI: Using ACPI for IRQ routing
[    0.601090] NetLabel: Initializing
[    0.603546] NetLabel:  domain hash size = 128
[    0.604009] NetLabel:  protocols = UNLABELED CIPSOv4 CALIPSO
[    0.608088] NetLabel:  unlabeled traffic allowed by default
[    0.612182] clocksource: Switched to clocksource kvm-clock
[    0.668870] VFS: Disk quotas dquot_6.6.0
[    0.671927] VFS: Dquot-cache hash table entries: 512 (order 0, 4096 bytes)
[    0.677253] AppArmor: AppArmor Filesystem Enabled
[    0.681287] pnp: PnP ACPI init
[    0.687321] pnp: PnP ACPI: found 3 devices
[    0.707827] clocksource: acpi_pm: mask: 0xffffff max_cycles: 0xffffff, max_idle_ns: 2085701024 ns
[    0.713568] NET: Registered protocol family 2
[    0.716467] IP idents hash table entries: 16384 (order: 5, 131072 bytes)
[    0.729167] TCP established hash table entries: 8192 (order: 4, 65536 bytes)
[    0.734170] TCP bind hash table entries: 8192 (order: 5, 131072 bytes)
[    0.738720] TCP: Hash tables configured (established 8192 bind 8192)
[    0.743104] UDP hash table entries: 512 (order: 2, 16384 bytes)
[    0.747637] UDP-Lite hash table entries: 512 (order: 2, 16384 bytes)
[    0.751739] NET: Registered protocol family 1
[    0.755006] pci 0000:00:00.0: Limiting direct PCI/PCI transfers
[    0.759109] pci 0000:00:01.0: Activating ISA DMA hang workarounds
[    0.763604] pci 0000:00:02.0: Video device with shadowed ROM at [mem 0x000c0000-0x000dffff]
[    0.769640] Unpacking initramfs...
[    1.957496] Freeing initrd memory: 19528K
[    1.960422] clocksource: tsc: mask: 0xffffffffffffffff max_cycles: 0x19f228ab7a2, max_idle_ns: 440795289252 ns
[    1.967625] platform rtc_cmos: registered platform RTC device (no PNP device found)
[    1.973038] Scanning for low memory corruption every 60 seconds
[    1.981149] Initialise system trusted keyrings
[    1.984358] Key type blacklist registered
[    1.987604] workingset: timestamp_bits=36 max_order=18 bucket_order=0
[    1.996310] zbud: loaded
[    1.999502] squashfs: version 4.0 (2009/01/31) Phillip Lougher
[    2.003462] fuse init (API version 7.26)
[    2.012498] Key type asymmetric registered
[    2.014842] Asymmetric key parser 'x509' registered
[    2.018365] Block layer SCSI generic (bsg) driver version 0.4 loaded (major 246)
[    2.023977] io scheduler noop registered
[    2.026450] io scheduler deadline registered
[    2.030181] io scheduler cfq registered (default)
[    2.033864] ACPI: AC Adapter [AC] (off-line)
[    2.036502] input: Power Button as /devices/LNXSYSTM:00/LNXPWRBN:00/input/input0
[    2.040934] ACPI: Power Button [PWRF]
[    2.044170] input: Sleep Button as /devices/LNXSYSTM:00/LNXSLPBN:00/input/input1
[    2.048034] ACPI: Sleep Button [SLPF]
[    2.055058] ACPI: Battery Slot [BAT0] (battery present)
[    2.058434] Serial: 8250/16550 driver, 32 ports, IRQ sharing enabled
[    2.085146] 00:02: ttyS0 at I/O 0x3f8 (irq = 4, base_baud = 115200) is a 16550A
[    2.101044] Linux agpgart interface v0.103
[    2.109007] loop: module loaded
[    2.113179] scsi host0: ata_piix
[    2.116246] scsi host1: ata_piix
[    2.119022] ata1: PATA max UDMA/33 cmd 0x1f0 ctl 0x3f6 bmdma 0xd000 irq 14
[    2.123636] ata2: PATA max UDMA/33 cmd 0x170 ctl 0x376 bmdma 0xd008 irq 15
[    2.129483] libphy: Fixed MDIO Bus: probed
[    2.132577] tun: Universal TUN/TAP device driver, 1.6
[    2.135814] PPP generic driver version 2.4.2
[    2.139798] ehci_hcd: USB 2.0 'Enhanced' Host Controller (EHCI) Driver
[    2.144304] ehci-pci: EHCI PCI platform driver
[    2.147200] ehci-platform: EHCI generic platform driver
[    2.151313] ohci_hcd: USB 1.1 'Open' Host Controller (OHCI) Driver
[    2.155811] ohci-pci: OHCI PCI platform driver
[    2.159270] ohci-platform: OHCI generic platform driver
[    2.163233] uhci_hcd: USB Universal Host Controller Interface driver
[    2.168193] i8042: PNP: PS/2 Controller [PNP0303:PS2K,PNP0f03:PS2M] at 0x60,0x64 irq 1,12
[    2.175246] serio: i8042 KBD port at 0x60,0x64 irq 1
[    2.178823] serio: i8042 AUX port at 0x60,0x64 irq 12
[    2.182236] mousedev: PS/2 mouse device common for all mice
[    2.187475] input: AT Translated Set 2 keyboard as /devices/platform/i8042/serio0/input/input2
[    2.192993] rtc_cmos rtc_cmos: rtc core: registered rtc_cmos as rtc0
[    2.197687] rtc_cmos rtc_cmos: alarms up to one day, 114 bytes nvram
[    2.201300] i2c /dev entries driver
[    2.203645] device-mapper: uevent: version 1.0.3
[    2.206997] device-mapper: ioctl: 4.37.0-ioctl (2017-09-20) initialised: dm-devel@redhat.com
[    2.213057] ledtrig-cpu: registered to indicate activity on CPUs
[    2.218100] NET: Registered protocol family 10
[    2.233772] Segment Routing with IPv6
[    2.236274] NET: Registered protocol family 17
[    2.239303] Key type dns_resolver registered
[    2.242500] mce: Using 0 MCE banks
[    2.245588] RAS: Correctable Errors collector initialized.
[    2.248839] sched_clock: Marking stable (2245510635, 0)->(2970890514, -725379879)
[    2.254294] registered taskstats version 1
[    2.257062] Loading compiled-in X.509 certificates
[    2.266131] Loaded X.509 cert 'Build time autogenerated kernel key: bf5768e0b2369bd53acb56866ca104cf5a2c379b'
[    2.274533] Loaded X.509 cert 'Canonical Ltd. Live Patch Signing: 14df34d1a87cf37625abec039ef2bf521249b969'
[    2.284277] Loaded X.509 cert 'Canonical Ltd. Kernel Module Signing: 88f752e560a1e0737e31163a466ad7b70a850c19'
[    2.300178] zswap: loaded using pool lzo/zbud
[    2.323346] Key type big_key registered
[    2.324700] Key type trusted registered
[    2.328850] Key type encrypted registered
[    2.330203] AppArmor: AppArmor sha1 policy hashing enabled
[    2.331954] ima: No TPM chip found, activating TPM-bypass! (rc=-19)
[    2.334112] ima: Allocated hash algorithm: sha1
[    2.335532] evm: HMAC attrs: 0x1
[    2.337307]   Magic number: 9:58:542
[    2.338630] rtc_cmos rtc_cmos: setting system clock to 2021-10-10 17:32:01 UTC (1633887121)
[    2.341497] BIOS EDD facility v0.16 2004-Jun-25, 0 devices found
[    2.343736] EDD information not available.
[    2.350227] Freeing unused kernel image memory: 2448K
[    2.368111] Write protecting the kernel read-only data: 20480k
[    2.372067] Freeing unused kernel image memory: 2008K
[    2.375201] Freeing unused kernel image memory: 1824K
[    2.402255] x86/mm: Checked W+X mappings: passed, no W+X pages found.
[    2.405735] x86/mm: Checking user space page tables
[    2.427484] x86/mm: Checked W+X mappings: passed, no W+X pages found.
Loading, please wait...
starting version 237
[    2.667805] Fusion MPT base driver 3.04.20
[    2.671119] Copyright (c) 1999-2008 LSI Corporation
[    2.688795] e1000: Intel(R) PRO/1000 Network Driver - version 7.3.21-k8-NAPI
[    2.694405] e1000: Copyright (c) 1999-2006 Intel Corporation.
[    2.852998] Fusion MPT SPI Host driver 3.04.20
[    2.861339] AVX2 version of gcm_enc/dec engaged.
[    2.865519] AES CTR mode by8 optimization enabled
[    2.899267] input: ImExPS/2 Generic Explorer Mouse as /devices/platform/i8042/serio1/input/input4
[    3.905880] e1000 0000:00:03.0 eth0: (PCI:33MHz:32-bit) 02:2f:77:f1:0c:e0
[    3.909024] e1000 0000:00:03.0 eth0: Intel(R) PRO/1000 Network Connection
[    3.913594] mptbase: ioc0: Initiating bringup
[    4.009763] ioc0: LSI53C1030 A0: Capabilities={Initiator}
[    4.267052] scsi host2: ioc0: LSI53C1030 A0, FwRev=00000000h, Ports=1, MaxQ=256, IRQ=20
[    4.450404] scsi 2:0:0:0: Direct-Access     VBOX     HARDDISK         1.0  PQ: 0 ANSI: 5
[    4.492087] scsi target2:0:0: Beginning Domain Validation
[    4.506796] scsi target2:0:0: Domain Validation skipping write tests
[    4.516211] scsi target2:0:0: Ending Domain Validation
[    4.523530] scsi target2:0:0: asynchronous
[    4.533128] scsi 2:0:1:0: Direct-Access     VBOX     HARDDISK         1.0  PQ: 0 ANSI: 5
[    4.836420] scsi target2:0:1: Beginning Domain Validation
[    4.846321] random: fast init done
[    4.855845] scsi target2:0:1: Domain Validation skipping write tests
[    4.864663] scsi target2:0:1: Ending Domain Validation
[    4.874233] scsi target2:0:1: asynchronous
[    4.905450] sd 2:0:0:0: Attached scsi generic sg0 type 0
[    4.914701] sd 2:0:0:0: [sda] 83886080 512-byte logical blocks: (42.9 GB/40.0 GiB)
[    4.915726] random: systemd-udevd: uninitialized urandom read (16 bytes read)
[    4.926416] sd 2:0:1:0: Attached scsi generic sg1 type 0
[    4.945600] random: systemd-udevd: uninitialized urandom read (16 bytes read)
[    4.955150] random: systemd-udevd: uninitialized urandom read (16 bytes read)
[    4.961901] sd 2:0:0:0: [sda] Write Protect is off
[    4.968556] sd 2:0:1:0: [sdb] 20480 512-byte logical blocks: (10.5 MB/10.0 MiB)
[    4.983600] sd 2:0:0:0: [sda] Incomplete mode parameter data
[    4.992908] sd 2:0:0:0: [sda] Assuming drive cache: write through
[    5.001786] sd 2:0:1:0: [sdb] Write Protect is off
[    5.010109] sd 2:0:1:0: [sdb] Incomplete mode parameter data
[    5.018144] sd 2:0:1:0: [sdb] Assuming drive cache: write through
[    5.064469]  sda: sda1
[    5.074045] sd 2:0:0:0: [sda] Attached SCSI disk
[    5.092682] sd 2:0:1:0: [sdb] Attached SCSI disk
[    5.338146] e1000 0000:00:08.0 eth1: (PCI:33MHz:32-bit) 08:00:27:6a:71:f9
[    5.341161] e1000 0000:00:08.0 eth1: Intel(R) PRO/1000 Network Connection
[    5.346344] e1000 0000:00:03.0 enp0s3: renamed from eth0
[    5.365845] e1000 0000:00:08.0 enp0s8: renamed from eth1
Begin: Loading essential drivers ... [    7.960149] raid6: sse2x1   gen()  5555 MB/s
[    8.008220] raid6: sse2x1   xor()  3405 MB/s
[    8.056151] raid6: sse2x2   gen()  4571 MB/s
[    8.104113] raid6: sse2x2   xor()  4706 MB/s
[    8.152112] raid6: sse2x4   gen()  8808 MB/s
[    8.200116] raid6: sse2x4   xor()  3942 MB/s
[    8.248187] raid6: avx2x1   gen()  7978 MB/s
[    8.296148] raid6: avx2x1   xor()  5923 MB/s
[    8.344046] raid6: avx2x2   gen() 10517 MB/s
[    8.392226] raid6: avx2x2   xor()  6711 MB/s
[    8.440179] raid6: avx2x4   gen() 11813 MB/s
[    8.488188] raid6: avx2x4   xor()  7445 MB/s
[    8.490759] raid6: using algorithm avx2x4 gen() 11813 MB/s
[    8.494515] raid6: .... xor() 7445 MB/s, rmw enabled
[    8.497438] raid6: using avx2x2 recovery algorithm
[    8.503462] xor: automatically using best checksumming function   avx       
[    8.510283] async_tx: api initialized (async)
done.
Begin: Running /scripts/init-premount ... done.
Begin: Mounting root file system ... Begin: Running /scripts/local-top ... done.
Begin: Running /scripts/local-premount ... [    8.637523] Btrfs loaded, crc32c=crc32c-intel
Scanning for Btrfs filesystems
done.
Warning: fsck not present, so skipping root file system
[    8.908418] EXT4-fs (sda1): mounted filesystem with ordered data mode. Opts: (null)
done.
Begin: Running /scripts/local-bottom ... done.
Begin: Running /scripts/init-bottom ... done.
[   10.659112] random: crng init done
[   10.663854] random: 7 urandom warning(s) missed due to ratelimiting
[   12.130957] ip_tables: (C) 2000-2006 Netfilter Core Team
[   12.546668] systemd[1]: systemd 237 running in system mode. (+PAM +AUDIT +SELINUX +IMA +APPARMOR +SMACK +SYSVINIT +UTMP +LIBCRYPTSETUP +GCRYPT +GNUTLS +ACL +XZ +LZ4 +SECCOMP +BLKID +ELFUTILS +KMOD -IDN2 +IDN -PCRE2 default-hierarchy=hybrid)
[   12.571055] systemd[1]: Detected virtualization oracle.
[   12.579451] systemd[1]: Detected architecture x86-64.

Welcome to [1mUbuntu 18.04.6 LTS[0m!

[   12.671102] systemd[1]: Set hostname to <ubuntu>.
[   12.808334] systemd[1]: Initializing machine ID from random generator.
[   12.815713] systemd[1]: Installed transient /etc/machine-id file.
[   17.550519] systemd[1]: Set up automount Arbitrary Executable File Formats File System Automount Point.
[[0;32m  OK  [0m] Set up automount Arbitrary Executab…rmats File System Automount Point.
[   17.574956] systemd[1]: Created slice System Slice.
[[0;32m  OK  [0m] Created slice System Slice.
[   17.585581] systemd[1]: Listening on /dev/initctl Compatibility Named Pipe.
[[0;32m  OK  [0m] Listening on /dev/initctl Compatibility Named Pipe.
[   17.620951] systemd[1]: Listening on Device-mapper event daemon FIFOs.
[[0;32m  OK  [0m] Listening on Device-mapper event daemon FIFOs.
[   17.635153] systemd[1]: Listening on udev Control Socket.
[[0;32m  OK  [0m] Listening on udev Control Socket.
[   17.650194] systemd[1]: Listening on Journal Audit Socket.
[[0;32m  OK  [0m] Listening on Journal Audit Socket.
[   17.661912] systemd[1]: Reached target User and Group Name Lookups.
[[0;32m  OK  [0m] Reached target User and Group Name Lookups.
[   17.674751] systemd[1]: Listening on Journal Socket.
[[0;32m  OK  [0m] Listening on Journal Socket.
[   17.705136] systemd[1]: Mounting POSIX Message Queue File System...
         Mounting POSIX Message Queue File System...
[   17.729419] systemd[1]: Starting Uncomplicated firewall...
         Starting Uncomplicated firewall...
         Starting Create list of required st…ce nodes for the current kernel...
         Starting Load Kernel Modules...
[[0;32m  OK  [0m] Listening on Journal Socket (/dev/log).
[[0;32m  OK  [0m] Created slice User and Session Slice.
[[0;32m  OK  [0m] Reached target Slices.
         Starting Set the console keyboard layout...
[[0;32m  OK  [0m] Listening on Syslog Socket.
         Starting Journal Service...
         Mounting Huge Pages File System...
[[0;32m  OK  [0m] Listening on udev Kernel Socket.
[[0;32m  OK  [0m] Created slice system-serial\x2dgetty.slice.
[[0;32m  OK  [0m] Reached target Swap.
         Mounting Kernel Debug File System...
[[0;32m  OK  [0m] Started Forward Password Requests to Wall Directory Watch.
[[0;32m  OK  [0m] Reached target System Time Synchronized.
[[0;32m  OK  [0m] Listening on LVM2 poll daemon socket.
[[0;32m  OK  [0m] Listening on Network Service Netlink Socket.
[[0;32m  OK  [0m] Listening on LVM2 metadata daemon socket.
         Starting Monitoring of LVM2 mirrors…ng dmeventd or progress polling...
[[0;32m  OK  [0m] Listening on fsck to fsckd communication Socket.
         Starting File System Check on Root Device...
         Starting udev Coldplug all Devices...
[[0;32m  OK  [0m] Mounted POSIX Message Queue File System.
[[0;32m  OK  [0m] Started Uncomplicated firewall.
[[0;32m  OK  [0m] Started Create list of required sta…vice nodes for the current kernel.
[[0;32m  OK  [0m] Mounted Huge Pages File System.
[[0;32m  OK  [0m] Mounted Kernel Debug File System.
         Starting Create Static Device Nodes in /dev...
[   19.015787] Loading iSCSI transport class v2.0-870.
[[0;32m  OK  [0m] Started File System Check Daemon to report status.
[[0;32m  OK  [0m] Started Journal Service.
[   19.708976] iscsi: registered transport (tcp)
[[0;32m  OK  [0m] Started udev Coldplug all Devices.
[[0;32m  OK  [0m] Started Set the console keyboard layout.
[[0;32m  OK  [0m] Started File System Check on Root Device.
         Starting Remount Root and Kernel File Systems...
[[0;32m  OK  [0m] Started LVM2 metadata daemon.
[   20.923860] EXT4-fs (sda1): re-mounted. Opts: (null)
[[0;32m  OK  [0m] Started Remount Root and Kernel File Systems.
         Starting Load/Save Random Seed...
         Starting Flush Journal to Persistent Storage...
[[0;32m  OK  [0m] Started Monitoring of LVM2 mirrors,…sing dmeventd or progress polling.
[   21.267004] systemd-journald[403]: Received request to flush runtime journal from PID 1
[[0;32m  OK  [0m] Started Load/Save Random Seed.
[   21.379651] iscsi: registered transport (iser)
[[0;32m  OK  [0m] Started Load Kernel Modules.
         Mounting Kernel Configuration File System...
         Starting Apply Kernel Variables...
         Mounting FUSE Control File System...
[[0;32m  OK  [0m] Mounted Kernel Configuration File System.
[[0;32m  OK  [0m] Mounted FUSE Control File System.
[[0;32m  OK  [0m] Started Create Static Device Nodes in /dev.
[[0;32m  OK  [0m] Reached target Local File Systems (Pre).
[[0;32m  OK  [0m] Reached target Local File Systems.
         Starting ebtables ruleset management...
         Starting Tell Plymouth To Write Out Runtime Data...
         Starting AppArmor initialization...
         Starting Commit a transient machine-id on disk...
         Starting Set console font and keymap...
         Starting udev Kernel Device Manager...
[[0;32m  OK  [0m] Started Flush Journal to Persistent Storage.
         Starting Create Volatile Files and Directories...
[[0;32m  OK  [0m] Started Set console font and keymap.
[[0;32m  OK  [0m] Started Tell Plymouth To Write Out Runtime Data.
[[0;32m  OK  [0m] Started Commit a transient machine-id on disk.
[[0;32m  OK  [0m] Started Create Volatile Files and Directories.
         Starting Update UTMP about System Boot/Shutdown...
[[0;32m  OK  [0m] Started Update UTMP about System Boot/Shutdown.
[[0;32m  OK  [0m] Started Apply Kernel Variables.
[[0;32m  OK  [0m] Started ebtables ruleset management.
[[0;32m  OK  [0m] Started udev Kernel Device Manager.
[[0;32m  OK  [0m] Started Dispatch Password Requests to Console Directory Watch.
[[0;32m  OK  [0m] Reached target Local Encrypted Volumes.
[[0;32m  OK  [0m] Found device /dev/ttyS0.
[[0;32m  OK  [0m] Listening on Load/Save RF Kill Switch Status /dev/rfkill Watch.
[[0;32m  OK  [0m] Started AppArmor initialization.
         Starting Initial cloud-init job (pre-networking)...
         Starting Load AppArmor profiles managed internally by snapd...
[[0;32m  OK  [0m] Started Load AppArmor profiles managed internally by snapd.
[   58.142775] cloud-init[566]: Cloud-init v. 21.2-3-g899bfaa9-0ubuntu2~18.04.1 running 'init-local' at Sun, 10 Oct 2021 17:32:52 +0000. Up 53.56 seconds.
[[0;32m  OK  [0m] Started Initial cloud-init job (pre-networking).
[[0;32m  OK  [0m] Reached target Network (Pre).
         Starting Network Service...
[[0;32m  OK  [0m] Started Network Service.
         Starting Network Name Resolution...
         Starting Wait for Network to be Configured...
[[0;32m  OK  [0m] Started Network Name Resolution.
[[0;32m  OK  [0m] Reached target Host and Network Name Lookups.
[[0;32m  OK  [0m] Reached target Network.
[[0;32m  OK  [0m] Started Wait for Network to be Configured.
         Starting Initial cloud-init job (metadata service crawler)...
[   63.371537] cloud-init[691]: Cloud-init v. 21.2-3-g899bfaa9-0ubuntu2~18.04.1 running 'init' at Sun, 10 Oct 2021 17:33:00 +0000. Up 61.82 seconds.
[   63.389443] cloud-init[691]: ci-info: ++++++++++++++++++++++++++++++++++++++Net device info++++++++++++++++++++++++++++++++++++++
[   63.392632] cloud-init[691]: ci-info: +--------+-------+---------------------------+---------------+--------+-------------------+
[   63.396248] cloud-init[691]: ci-info: | Device |   Up  |          Address          |      Mask     | Scope  |     Hw-Address    |
[   63.399050] cloud-init[691]: ci-info: +--------+-------+---------------------------+---------------+--------+-------------------+
[   63.402019] cloud-init[691]: ci-info: | enp0s3 |  True |         10.0.2.15         | 255.255.255.0 | global | 02:2f:77:f1:0c:e0 |
[   63.406582] cloud-init[691]: ci-info: | enp0s3 |  True | fe80::2f:77ff:fef1:ce0/64 |       .       |  link  | 02:2f:77:f1:0c:e0 |
[   63.421207] cloud-init[691]: ci-info: | enp0s8 | False |             .             |       .       |   .    | 08:00:27:6a:71:f9 |
[   63.423953] cloud-init[691]: ci-info: |   lo   |  True |         127.0.0.1         |   255.0.0.0   |  host  |         .         |
[   63.437887] cloud-init[691]: ci-info: |   lo   |  True |          ::1/128          |       .       |  host  |         .         |
[   63.452401] cloud-init[691]: ci-info: +--------+-------+---------------------------+---------------+--------+-------------------+
[   63.464960] cloud-init[691]: ci-info: ++++++++++++++++++++++++++++Route IPv4 info+++++++++++++++++++++++++++++
[   63.476838] cloud-init[691]: ci-info: +-------+-------------+----------+-----------------+-----------+-------+
[   63.479095] cloud-init[691]: ci-info: | Route | Destination | Gateway  |     Genmask     | Interface | Flags |
[   63.481067] cloud-init[691]: ci-info: +-------+-------------+----------+-----------------+-----------+-------+
[   63.493369] cloud-init[691]: ci-info: |   0   |   0.0.0.0   | 10.0.2.2 |     0.0.0.0     |   enp0s3  |   UG  |
[   63.495377] cloud-init[691]: ci-info: |   1   |   10.0.2.0  | 0.0.0.0  |  255.255.255.0  |   enp0s3  |   U   |
[   63.509815] cloud-init[691]: ci-info: |   2   |   10.0.2.2  | 0.0.0.0  | 255.255.255.255 |   enp0s3  |   UH  |
[   63.511678] cloud-init[691]: ci-info: +-------+-------------+----------+-----------------+-----------+-------+
[   63.513582] cloud-init[691]: ci-info: +++++++++++++++++++Route IPv6 info+++++++++++++++++++
[   63.524613] cloud-init[691]: ci-info: +-------+-------------+---------+-----------+-------+
[   63.536974] cloud-init[691]: ci-info: | Route | Destination | Gateway | Interface | Flags |
[   63.538495] cloud-init[691]: ci-info: +-------+-------------+---------+-----------+-------+
[   63.539878] cloud-init[691]: ci-info: |   1   |  fe80::/64  |    ::   |   enp0s3  |   U   |
[   63.541771] cloud-init[691]: ci-info: |   3   |    local    |    ::   |   enp0s3  |   U   |
[   63.544015] cloud-init[691]: ci-info: |   4   |   ff00::/8  |    ::   |   enp0s3  |   U   |
[   63.556997] cloud-init[691]: ci-info: +-------+-------------+---------+-----------+-------+
[   68.622706] cloud-init[691]: Generating public/private rsa key pair.
[   68.632730] cloud-init[691]: Your identification has been saved in /etc/ssh/ssh_host_rsa_key.
[   68.637374] cloud-init[691]: Your public key has been saved in /etc/ssh/ssh_host_rsa_key.pub.
[   68.653886] cloud-init[691]: The key fingerprint is:
[   68.671314] cloud-init[691]: SHA256:il3OGn/IPiYiJquNEcK0JQW+6krbGak/M4cT1QkkBK4 root@ubuntu-bionic
[   68.678570] cloud-init[691]: The key's randomart image is:
[   68.683797] cloud-init[691]: +---[RSA 2048]----+
[   68.688062] cloud-init[691]: | o++..           |
[   68.691808] cloud-init[691]: |o . ..           |
[   68.695304] cloud-init[691]: | = .  o .        |
[   68.708943] cloud-init[691]: |+ =  . o         |
[   68.720690] cloud-init[691]: |E+  .   S        |
[   68.723338] cloud-init[691]: |o. ..o =         |
[   68.736750] cloud-init[691]: |o. o+ +.o.       |
[   68.739989] cloud-init[691]: |++**+..+= .      |
[   68.745988] cloud-init[691]: |BBo=*..+oo       |
[   68.757518] cloud-init[691]: +----[SHA256]-----+
[   68.771153] cloud-init[691]: Generating public/private dsa key pair.
[   68.774946] cloud-init[691]: Your identification has been saved in /etc/ssh/ssh_host_dsa_key.
[   68.777901] cloud-init[691]: Your public key has been saved in /etc/ssh/ssh_host_dsa_key.pub.
[   68.800607] cloud-init[691]: The key fingerprint is:
[   68.805258] cloud-init[691]: SHA256:hKhAKJ8HCAcIRCjTtwTjR/ZowyTOosTdECtdqGwKpQo root@ubuntu-bionic
[   68.808522] cloud-init[691]: The key's randomart image is:
[   68.810683] cloud-init[691]: +---[DSA 1024]----+
[   68.812438] cloud-init[691]: |%B=+*.           |
[   68.814941] cloud-init[691]: |@=*OB+ .         |
[   68.818811] cloud-init[691]: |*O=OBoo .        |
[   68.832392] cloud-init[691]: |E*++o. .         |
[   68.833935] cloud-init[691]: |B ..    S        |
[   68.839516] cloud-init[691]: |o                |
[   68.841076] cloud-init[691]: |                 |
[   68.842722] cloud-init[691]: |                 |
[   68.852491] cloud-init[691]: |                 |
[   68.854960] cloud-init[691]: +----[SHA256]-----+
[   68.857288] cloud-init[691]: Generating public/private ecdsa key pair.
[   68.859909] cloud-init[691]: Your identification has been saved in /etc/ssh/ssh_host_ecdsa_key.
[   68.864490] cloud-init[691]: Your public key has been saved in /etc/ssh/ssh_host_ecdsa_key.pub.
[   68.876431] cloud-init[691]: The key fingerprint is:
[   68.888483] cloud-init[691]: SHA256:UCFJhrF2WBdUwVNAfwGJ4jalgx3e4/jPmHZKledA4Lo root@ubuntu-bionic
[   68.890090] cloud-init[691]: The key's randomart image is:
[   68.891721] cloud-init[691]: +---[ECDSA 256]---+
[   68.904380] cloud-init[691]: |    .+=o***=oo.  |
[[0;32m  OK  [0m] Started Initial cloud-init job (metadata service crawler).
[   68.921708] cloud-init[[0;32m  OK  [0m] Reached target Cloud-config availability.
[[0;32m  OK  [0m] Reached target Network is Online.
[691]: |    .=.+o.=o.  . |
[   68.925676] cloud-init[691]: |    + o= *..o .  |
[   68.927104] cloud-init[691]: |   . ...O.o. o   |
[   68.928625] cloud-init[691]: |       .S= .+ .  |
[   68.929805] cloud-init[691]: |        .... +   |
[   68.941320] cloud-init[691]: |        E..   .  |
[   68.952957] cloud-init[691]: |         .o+.    |
[   68.953975] cloud-init[691]: |         .++o    |
[   68.954874] cloud-init[691]: +----[SHA256]-----+
[   68.955783] cloud-init[691]: Generating public/private ed25519 key pair.
         Starting Availability of block devices...
[   68.969546] [[0;32m  OK  [0m] Reached target Remote File Systems (Pre).
[[0;32m  OK  [0m] Reached target Remote File Systems.
[[0;32m  OK  [0m] Reached target System Initialization.
cloud-init[691]: Your identification has been saved in /etc/ssh/ssh_host_ed25519_key.
[[0;32m  OK  [0m] Listening on Open-iSCSI iscsid Socket.
[   68.987596] cloud-init[[0;32m  OK  [0m] Started Discard unused blocks once a week.
[[0;32m  OK  [0m] Listening on ACPID Listen Socket.
[[0;32m  OK  [0m] Started Daily apt download activities.
[[0;32m  OK  [0m] Started Daily Cleanup of Temporary Directories.
[691]: Your public key has been saved in /etc/ssh/ssh_host_ed25519_key.pub.
[   69.012487] cloud-init[691]: The key fingerprint is:
[   69.013974] cloud-init[691]: SHA256:sRG6alluVA4/1H4RxNwwiokZ86Ty3jwVsXYMVbB4tb0 root@ubuntu-bionic
[   69.016353] cloud-init[691]: The key's randomart image is:
[   69.017928]          Starting LXD - unix socket.
[[0;32m  OK  [0m] Listening on D-Bus System Message Bus Socket.
cloud-init[691]: +--[ED25519 256]--+
[[0;32m  OK  [0m] Started Daily apt upgrade and clean activities.
[[0;32m  OK  [0m] Listening on UUID daemon activation socket.
[[0;32m  OK  [0m] Started Message of the Day.
[   69.032484] cloud-init[691]: |      o o o=B=o  |
[   69.044541] cloud-init[691]: |       X = Bo=.o |
[   69.048700] cloud-init[691]: |    . * O B * . .|
[   69.051051] cloud-init[691]: |     o B * + .  .|
[   69.053784] cloud-init[691]: |      = S o .  E |
[[0;32m  OK  [0m] Started ACPI Events Check.
[   69.065135] [[0;32m  OK  [0m] Reached target Paths.
[[0;32m  OK  [0m] Started Ubuntu Advantage update messaging.
[[0;32m  OK  [0m] Reached target Timers.
cloud-init[691]: |     B o o .     |
[   69.069926] cloud-init[691]: |    + + +        |
         Starting Socket activation for snappy daemon.
[   69.086869] cloud-init[691]: |   . .   .       |
[[0;32m  OK  [0m] Started Availability of block devices.
[   69.144257] cloud-init[691]: |                 |
[   69.156285] cloud-init[691]: +----[SHA256]-----+
[[0;32m  OK  [0m] Listening on LXD - unix socket.
[[0;32m  OK  [0m] Listening on Socket activation for snappy daemon.
[[0;32m  OK  [0m] Reached target Sockets.
[[0;32m  OK  [0m] Reached target Basic System.
         Starting Virtualbox guest utils...
         Starting System Logging Service...
         Starting Dispatcher daemon for systemd-networkd...
         Starting Pollinate to seed the pseudo random number generator...
         Starting Permit User Sessions...
[[0;32m  OK  [0m] Started Deferred execution scheduler.
[[0;32m  OK  [0m] Started FUSE filesystem for LXC.
[[0;32m  OK  [0m] Started D-Bus System Message Bus.
         Starting Accounts Service...
         Starting Snap Daemon...
[[0;32m  OK  [0m] Started Regular background program processing daemon.
[[0;32m  OK  [0m] Started irqbalance daemon.
         Starting LSB: Record successful boot for GRUB...
         Starting LSB: automatic crash report generation...
         Starting Login Service...
         Starting LXD - container startup/shutdown...
[[0;32m  OK  [0m] Started System Logging Service.
[[0;32m  OK  [0m] Started Permit User Sessions.
         Starting Terminate Plymouth Boot Screen...
         Starting Hold until boot process finishes up...
[[0;32m  OK  [0m] Started Hold until boot process finishes up.
[[0;32m  OK  [0m] Started Terminate Plymouth Boot Screen.
         Starting Set console scheme...
[[0;32m  OK  [0m] Started Serial Getty on ttyS0.
[[0;32m  OK  [0m] Started Set console scheme.
[[0;32m  OK  [0m] Created slice system-getty.slice.
[[0;32m  OK  [0m] Started Getty on tty1.
[[0;32m  OK  [0m] Reached target Login Prompts.
[[0;32m  OK  [0m] Started Dispatcher daemon for systemd-networkd.
[[0;32m  OK  [0m] Started Login Service.
[[0;32m  OK  [0m] Started Unattended Upgrades Shutdown.
[[0;32m  OK  [0m] Started LSB: Record successful boot for GRUB.
[[0;32m  OK  [0m] Started LSB: automatic crash report generation.
         Starting Authorization Manager...
[[0;32m  OK  [0m] Started Virtualbox guest utils.

Ubuntu 18.04.6 LTS ubuntu-bionic ttyS0

ubuntu-bionic login: [   95.802541] cloud-init[1422]: Cloud-init v. 21.2-3-g899bfaa9-0ubuntu2~18.04.1 running 'modules:config' at Sun, 10 Oct 2021 17:33:30 +0000. Up 91.53 seconds.
ci-info: no authorized SSH keys fingerprints found for user ubuntu.
<14>Oct 10 17:33:37 cloud-init: #############################################################
<14>Oct 10 17:33:37 cloud-init: -----BEGIN SSH HOST KEY FINGERPRINTS-----
<14>Oct 10 17:33:37 cloud-init: 1024 SHA256:hKhAKJ8HCAcIRCjTtwTjR/ZowyTOosTdECtdqGwKpQo root@ubuntu-bionic (DSA)
<14>Oct 10 17:33:37 cloud-init: 256 SHA256:UCFJhrF2WBdUwVNAfwGJ4jalgx3e4/jPmHZKledA4Lo root@ubuntu-bionic (ECDSA)
<14>Oct 10 17:33:37 cloud-init: 256 SHA256:sRG6alluVA4/1H4RxNwwiokZ86Ty3jwVsXYMVbB4tb0 root@ubuntu-bionic (ED25519)
<14>Oct 10 17:33:37 cloud-init: 2048 SHA256:il3OGn/IPiYiJquNEcK0JQW+6krbGak/M4cT1QkkBK4 root@ubuntu-bionic (RSA)
<14>Oct 10 17:33:37 cloud-init: -----END SSH HOST KEY FINGERPRINTS-----
<14>Oct 10 17:33:37 cloud-init: #############################################################
-----BEGIN SSH HOST KEY KEYS-----
ecdsa-sha2-nistp256 AAAAE2VjZHNhLXNoYTItbmlzdHAyNTYAAAAIbmlzdHAyNTYAAABBBH3QVXdYijcGvIjwjvttWvL3xOCicrvVmZ1pZ+q3aqcp5+UlYEN33b1SmDH5hrSmf8Ytf9PfAzjTFXFOmjO5+CU= root@ubuntu-bionic
ssh-ed25519 AAAAC3NzaC1lZDI1NTE5AAAAIEL2CZFnLWJ07qYGha0MTIgH3oyYoiHwtH9TeQP6T7z6 root@ubuntu-bionic
ssh-rsa AAAAB3NzaC1yc2EAAAADAQABAAABAQDHunpCG10Zj/TzXxiiUTf+kOc3DYS05j4tod2SV+wxqVy71ek4rUqtMM/CCJC5agjKPYvXB6P8v/s556NtYrdAQufW0T3PziMZgiWkKYzjRPyeP9bphnh8DebC7VmmVG40dU/gdlluMGqgvVucwa4VIoxodba9G6IjMDNfKBosExErkmf79+PZKp1Plzx3h7vtUR3iF5cTjsQXrQYlAsqFCIza+e7onJp3ojdIYe9bRfbCgXCY+sGGo8afX5liCdoqX3CexaunN7VgerYBK/CNWLcvZPpm0uoTzj7QFAVsDm6RckLKKo4YDR9SN/YhBgGs8VgQISCuPg7Hvh1Z1JWv root@ubuntu-bionic
-----END SSH HOST KEY KEYS-----
[   98.382551] cloud-init[1614]: Cloud-init v. 21.2-3-g899bfaa9-0ubuntu2~18.04.1 running 'modules:final' at Sun, 10 Oct 2021 17:33:36 +0000. Up 97.41 seconds.
[   98.388464] cloud-init[1614]: ci-info: no authorized SSH keys fingerprints found for user ubuntu.
[   98.391692] cloud-init[1614]: Cloud-init v. 21.2-3-g899bfaa9-0ubuntu2~18.04.1 finished at Sun, 10 Oct 2021 17:33:37 +0000. Datasource DataSourceNoCloud [seed=/dev/sdb][dsmode=net].  Up 98.34 seconds
